<?xml version="1.0" encoding="UTF-8"?>
<!-- Generated by org.testng.reporters.JUnitXMLReporter -->
<testsuite ignored="0" hostname="Bobby" failures="1" tests="4" name="both" time="42.946" errors="0" timestamp="2023-09-13T11:52:10 IST">
  <testcase classname="firstmaven.ProductAddingToCart" name="addingProductToValidationtest" time="4.296"/>
  <testcase classname="firstmaven.ProductAddingToCart" name="addingProducttest" time="5.642"/>
  <testcase classname="firstmaven.ErrorValidation" name="inCorrectLoginErrorValidationtest" time="0.825">
    <skipped/>
  </testcase> <!-- inCorrectLoginErrorValidationtest -->
  <testcase classname="firstmaven.ErrorValidation" name="inCorrectLoginErrorValidationtest" time="0.907">
    <failure type="java.lang.AssertionError" message="expected [Incorrect email or password.] but found [Incorrect email or password]">
      <![CDATA[java.lang.AssertionError: expected [Incorrect email or password.] but found [Incorrect email or password]
at firstmaven.ErrorValidation.inCorrectLoginErrorValidationtest(ErrorValidation.java:16)
at java.base/java.util.ArrayList.forEach(ArrayList.java:1511)
... Removed 31 stack frames]]>
    </failure>
  </testcase> <!-- inCorrectLoginErrorValidationtest -->
</testsuite> <!-- both -->
